u,h,m,1000,1,2040340.2
u,h,m,1000,2,3807540.2
u,h,m,1000,3,5462277.6
u,h,m,1000,7,8537039.1
u,h,m,1000,13,7505343.6
u,h,m,1000,27,6466419.8
u,h,m,2000,1,576118.5
u,h,m,2000,2,1114708.5
u,h,m,2000,3,1640804.4
u,h,m,2000,7,3395584.4
u,h,m,2000,13,3826835.5
u,h,m,2000,27,3234608.6
u,h,m,4000,1,153269.55
u,h,m,4000,2,299117.6
u,h,m,4000,3,444126.35
u,h,m,4000,7,957107.85
u,h,m,4000,13,1706455.45
u,h,m,4000,27,1629671.6
u,h,m,8000,1,39679.675
u,h,m,8000,2,77760.125
u,h,m,8000,3,115418.175
u,h,m,8000,7,249059.125
u,h,m,8000,13,451887.15
u,h,m,8000,27,929213.825
u,h,a,1000,1,2128206.225
u,h,a,1000,2,4204926.95
u,h,a,1000,3,5946314.8
u,h,a,1000,7,7447153.4
u,h,a,1000,13,7681893.0
u,h,a,1000,27,6870904.0
u,h,a,2000,1,590606.0
u,h,a,2000,2,1174335.1
u,h,a,2000,3,1709586.6
u,h,a,2000,7,3446890.5
u,h,a,2000,13,4073585.45
u,h,a,2000,27,3565521.6
u,h,a,4000,1,155432.3
u,h,a,4000,2,307620.4
u,h,a,4000,3,455739.95
u,h,a,4000,7,963438.3
u,h,a,4000,13,1722961.55
u,h,a,4000,27,1932299.45
u,h,a,8000,1,39754.0
u,h,a,8000,2,78719.8
u,h,a,8000,3,117116.775
u,h,a,8000,7,249846.925
u,h,a,8000,13,454279.95
u,h,a,8000,27,927025.35
u,a,m,1000,1,1194525.5454545454
u,a,m,1000,2,2813464.6363636362
u,a,m,1000,3,4024366.4318181816
u,a,m,1000,7,2480487.909090909
u,a,m,1000,13,2265601.0
u,a,m,1000,27,2181744.1931818184
u,a,m,2000,1,419208.95454545453
u,a,m,2000,2,945859.0909090909
u,a,m,2000,3,1423059.9545454546
u,a,m,2000,7,3102502.4545454546
u,a,m,2000,13,1126618.8181818181
u,a,m,2000,27,1104921.8181818181
u,a,m,4000,1,130557.45241490909
u,a,m,4000,2,270049.3409090909
u,a,m,4000,3,407012.9318181818
u,a,m,4000,7,918898.0454545454
u,a,m,4000,13,1294696.2443181819
u,a,m,4000,27,553474.4545454546
u,a,m,8000,1,36290.556818181816
u,a,m,8000,2,73272.375
u,a,m,8000,3,110633.85227272728
u,a,m,8000,7,242413.76136363635
u,a,m,8000,13,449517.67045454547
u,a,m,8000,27,274550.9772727273
u,a,a,1000,1,1681884.3636363635
u,a,a,1000,2,3454311.1818181816
u,a,a,1000,3,5232458.0
u,a,a,1000,7,4284170.909090909
u,a,a,1000,13,4512222.7272727275
u,a,a,1000,27,4219929.136363637
u,a,a,2000,1,514956.86363636365
u,a,a,2000,2,1043638.4602272727
u,a,a,2000,3,1583390.4090909092
u,a,a,2000,7,3395526.1818181816
u,a,a,2000,13,2247932.4545454546
u,a,a,2000,27,2042420.4431818181
u,a,a,4000,1,144573.8409090909
u,a,a,4000,2,287679.2272727273
u,a,a,4000,3,434276.61363636365
u,a,a,4000,7,944607.8863636364
u,a,a,4000,13,1717578.1590909092
u,a,a,4000,27,1062274.9318181819
u,a,a,8000,1,38394.63636363636
u,a,a,8000,2,75898.56818181818
u,a,a,8000,3,114220.11363636363
u,a,a,8000,7,246804.22727272726
u,a,a,8000,13,451919.2840909091
u,a,a,8000,27,928827.4090909091
u,l,m,1000,1,2231554.0
u,s,m,1000,1,2505006.2
u,l,m,1000,2,4225122.4
u,s,m,1000,2,2508343.2
u,l,m,1000,3,6121208.4
u,s,m,1000,3,2507584.2
u,l,m,1000,7,7876014.0
u,s,m,1000,7,2509428.6
u,l,m,1000,13,7430478.2
u,s,m,1000,13,2506059.4
u,l,m,1000,27,6815707.4
u,s,m,1000,27,2508926.4
u,l,m,2000,1,607947.3
u,s,m,2000,1,639743.9
u,l,m,2000,2,1166051.2
u,s,m,2000,2,641959.0
u,l,m,2000,3,1730967.0
u,s,m,2000,3,641238.3
u,l,m,2000,7,3583151.3
u,s,m,2000,7,640715.6
u,l,m,2000,13,3885121.2
u,s,m,2000,13,641408.3
u,l,m,2000,27,3456712.2
u,s,m,2000,27,642119.4
u,l,m,4000,1,156970.5
u,s,m,4000,1,161622.25
u,l,m,4000,2,308130.4
u,s,m,4000,2,162195.8
u,l,m,4000,3,456270.2
u,s,m,4000,3,161902.95
u,l,m,4000,7,976528.2
u,s,m,4000,7,162079.75
u,l,m,4000,13,1749662.45
u,s,m,4000,13,162199.7
u,l,m,4000,27,1954729.65
u,s,m,4000,27,162171.45
u,l,m,8000,1,40154.25
u,s,m,8000,1,40639.575
u,l,m,8000,2,78807.575
u,s,m,8000,2,40779.8
u,l,m,8000,3,117563.525
u,s,m,8000,3,40726.95
u,l,m,8000,7,251930.4
u,s,m,8000,7,40686.1
u,l,m,8000,13,457352.6
u,s,m,8000,13,40908.725
u,l,m,8000,27,938598.225
u,s,m,8000,27,40777.425
